CRITICAL - 2022-01-06 21:03:29 --> syntax error, unexpected '?>', expecting ':'
#0 E:\xampp\htdocs\E-Learning\system\View\View.php(217): CodeIgniter\View\View->CodeIgniter\View\{closure}()
#1 E:\xampp\htdocs\E-Learning\system\Common.php(1097): CodeIgniter\View\View->render('E-Learning/inde...', Array, true)
#2 E:\xampp\htdocs\E-Learning\app\Controllers\Learning.php(16): view('E-Learning/inde...')
#3 E:\xampp\htdocs\E-Learning\system\CodeIgniter.php(824): App\Controllers\Learning->index()
#4 E:\xampp\htdocs\E-Learning\system\CodeIgniter.php(410): CodeIgniter\CodeIgniter->runController(Object(App\Controllers\Learning))
#5 E:\xampp\htdocs\E-Learning\system\CodeIgniter.php(318): CodeIgniter\CodeIgniter->handleRequest(NULL, Object(Config\Cache), false)
#6 E:\xampp\htdocs\E-Learning\public\index.php(37): CodeIgniter\CodeIgniter->run()
#7 E:\xampp\htdocs\E-Learning\system\Commands\Server\rewrite.php(43): require_once('E:\\xampp\\htdocs...')
#8 {main}
CRITICAL - 2022-01-06 21:12:54 --> Undefined variable: user
#0 E:\xampp\htdocs\E-Learning\app\Views\E-Learning\index.php(148): CodeIgniter\Debug\Exceptions->errorHandler(8, 'Undefined varia...', 'E:\\xampp\\htdocs...', 148, Array)
#1 E:\xampp\htdocs\E-Learning\system\View\View.php(214): include('E:\\xampp\\htdocs...')
#2 E:\xampp\htdocs\E-Learning\system\View\View.php(217): CodeIgniter\View\View->CodeIgniter\View\{closure}()
#3 E:\xampp\htdocs\E-Learning\system\Common.php(1097): CodeIgniter\View\View->render('E-Learning/inde...', Array, true)
#4 E:\xampp\htdocs\E-Learning\app\Controllers\Learning.php(16): view('E-Learning/inde...')
#5 E:\xampp\htdocs\E-Learning\system\CodeIgniter.php(824): App\Controllers\Learning->index()
#6 E:\xampp\htdocs\E-Learning\system\CodeIgniter.php(410): CodeIgniter\CodeIgniter->runController(Object(App\Controllers\Learning))
#7 E:\xampp\htdocs\E-Learning\system\CodeIgniter.php(318): CodeIgniter\CodeIgniter->handleRequest(NULL, Object(Config\Cache), false)
#8 E:\xampp\htdocs\E-Learning\public\index.php(37): CodeIgniter\CodeIgniter->run()
#9 E:\xampp\htdocs\E-Learning\system\Commands\Server\rewrite.php(43): require_once('E:\\xampp\\htdocs...')
#10 {main}
CRITICAL - 2022-01-06 21:13:55 --> syntax error, unexpected ';', expecting ']'
#0 E:\xampp\htdocs\E-Learning\system\Router\Router.php(176): CodeIgniter\Router\Router->autoRoute('learning/')
#1 E:\xampp\htdocs\E-Learning\system\CodeIgniter.php(718): CodeIgniter\Router\Router->handle('learning/')
#2 E:\xampp\htdocs\E-Learning\system\CodeIgniter.php(359): CodeIgniter\CodeIgniter->tryToRouteIt(Object(CodeIgniter\Router\RouteCollection))
#3 E:\xampp\htdocs\E-Learning\system\CodeIgniter.php(318): CodeIgniter\CodeIgniter->handleRequest(NULL, Object(Config\Cache), false)
#4 E:\xampp\htdocs\E-Learning\public\index.php(37): CodeIgniter\CodeIgniter->run()
#5 E:\xampp\htdocs\E-Learning\system\Commands\Server\rewrite.php(43): require_once('E:\\xampp\\htdocs...')
#6 {main}
CRITICAL - 2022-01-06 21:14:00 --> Undefined variable: user
#0 E:\xampp\htdocs\E-Learning\app\Views\E-Learning\index.php(148): CodeIgniter\Debug\Exceptions->errorHandler(8, 'Undefined varia...', 'E:\\xampp\\htdocs...', 148, Array)
#1 E:\xampp\htdocs\E-Learning\system\View\View.php(214): include('E:\\xampp\\htdocs...')
#2 E:\xampp\htdocs\E-Learning\system\View\View.php(217): CodeIgniter\View\View->CodeIgniter\View\{closure}()
#3 E:\xampp\htdocs\E-Learning\system\Common.php(1097): CodeIgniter\View\View->render('E-Learning/inde...', Array, true)
#4 E:\xampp\htdocs\E-Learning\app\Controllers\Learning.php(19): view('E-Learning/inde...')
#5 E:\xampp\htdocs\E-Learning\system\CodeIgniter.php(824): App\Controllers\Learning->index()
#6 E:\xampp\htdocs\E-Learning\system\CodeIgniter.php(410): CodeIgniter\CodeIgniter->runController(Object(App\Controllers\Learning))
#7 E:\xampp\htdocs\E-Learning\system\CodeIgniter.php(318): CodeIgniter\CodeIgniter->handleRequest(NULL, Object(Config\Cache), false)
#8 E:\xampp\htdocs\E-Learning\public\index.php(37): CodeIgniter\CodeIgniter->run()
#9 E:\xampp\htdocs\E-Learning\system\Commands\Server\rewrite.php(43): require_once('E:\\xampp\\htdocs...')
#10 {main}
CRITICAL - 2022-01-06 21:27:39 --> Invalid file: layout/main_layout.php
#0 E:\xampp\htdocs\E-Learning\system\View\View.php(198): CodeIgniter\Exceptions\FrameworkException::forInvalidFile('layout/main_lay...')
#1 E:\xampp\htdocs\E-Learning\system\View\View.php(230): CodeIgniter\View\View->render('layout/main_lay...', Array, true)
#2 E:\xampp\htdocs\E-Learning\system\Common.php(1097): CodeIgniter\View\View->render('E-Learning/inde...', Array, true)
#3 E:\xampp\htdocs\E-Learning\app\Controllers\Learning.php(19): view('E-Learning/inde...', Array)
#4 E:\xampp\htdocs\E-Learning\system\CodeIgniter.php(824): App\Controllers\Learning->index()
#5 E:\xampp\htdocs\E-Learning\system\CodeIgniter.php(410): CodeIgniter\CodeIgniter->runController(Object(App\Controllers\Learning))
#6 E:\xampp\htdocs\E-Learning\system\CodeIgniter.php(318): CodeIgniter\CodeIgniter->handleRequest(NULL, Object(Config\Cache), false)
#7 E:\xampp\htdocs\E-Learning\public\index.php(37): CodeIgniter\CodeIgniter->run()
#8 E:\xampp\htdocs\E-Learning\system\Commands\Server\rewrite.php(43): require_once('E:\\xampp\\htdocs...')
#9 {main}
CRITICAL - 2022-01-06 21:49:10 --> Invalid file: E-Learning/kelasx.php
#0 E:\xampp\htdocs\E-Learning\system\View\View.php(198): CodeIgniter\Exceptions\FrameworkException::forInvalidFile('E-Learning/kela...')
#1 E:\xampp\htdocs\E-Learning\system\Common.php(1097): CodeIgniter\View\View->render('E-Learning/kela...', Array, true)
#2 E:\xampp\htdocs\E-Learning\app\Controllers\Kelas.php(19): view('E-Learning/kela...', Array)
#3 E:\xampp\htdocs\E-Learning\system\CodeIgniter.php(824): App\Controllers\Kelas->X()
#4 E:\xampp\htdocs\E-Learning\system\CodeIgniter.php(410): CodeIgniter\CodeIgniter->runController(Object(App\Controllers\Kelas))
#5 E:\xampp\htdocs\E-Learning\system\CodeIgniter.php(318): CodeIgniter\CodeIgniter->handleRequest(NULL, Object(Config\Cache), false)
#6 E:\xampp\htdocs\E-Learning\public\index.php(37): CodeIgniter\CodeIgniter->run()
#7 E:\xampp\htdocs\E-Learning\system\Commands\Server\rewrite.php(43): require_once('E:\\xampp\\htdocs...')
#8 {main}
CRITICAL - 2022-01-06 21:49:18 --> Invalid file: E-Learning/kelasx.php
#0 E:\xampp\htdocs\E-Learning\system\View\View.php(198): CodeIgniter\Exceptions\FrameworkException::forInvalidFile('E-Learning/kela...')
#1 E:\xampp\htdocs\E-Learning\system\Common.php(1097): CodeIgniter\View\View->render('E-Learning/kela...', Array, true)
#2 E:\xampp\htdocs\E-Learning\app\Controllers\Kelas.php(19): view('E-Learning/kela...', Array)
#3 E:\xampp\htdocs\E-Learning\system\CodeIgniter.php(824): App\Controllers\Kelas->X()
#4 E:\xampp\htdocs\E-Learning\system\CodeIgniter.php(410): CodeIgniter\CodeIgniter->runController(Object(App\Controllers\Kelas))
#5 E:\xampp\htdocs\E-Learning\system\CodeIgniter.php(318): CodeIgniter\CodeIgniter->handleRequest(NULL, Object(Config\Cache), false)
#6 E:\xampp\htdocs\E-Learning\public\index.php(37): CodeIgniter\CodeIgniter->run()
#7 E:\xampp\htdocs\E-Learning\system\Commands\Server\rewrite.php(43): require_once('E:\\xampp\\htdocs...')
#8 {main}
CRITICAL - 2022-01-06 21:49:20 --> Invalid file: E-Learning/kelasxi.php
#0 E:\xampp\htdocs\E-Learning\system\View\View.php(198): CodeIgniter\Exceptions\FrameworkException::forInvalidFile('E-Learning/kela...')
#1 E:\xampp\htdocs\E-Learning\system\Common.php(1097): CodeIgniter\View\View->render('E-Learning/kela...', Array, true)
#2 E:\xampp\htdocs\E-Learning\app\Controllers\Kelas.php(27): view('E-Learning/kela...', Array)
#3 E:\xampp\htdocs\E-Learning\system\CodeIgniter.php(824): App\Controllers\Kelas->XI()
#4 E:\xampp\htdocs\E-Learning\system\CodeIgniter.php(410): CodeIgniter\CodeIgniter->runController(Object(App\Controllers\Kelas))
#5 E:\xampp\htdocs\E-Learning\system\CodeIgniter.php(318): CodeIgniter\CodeIgniter->handleRequest(NULL, Object(Config\Cache), false)
#6 E:\xampp\htdocs\E-Learning\public\index.php(37): CodeIgniter\CodeIgniter->run()
#7 E:\xampp\htdocs\E-Learning\system\Commands\Server\rewrite.php(43): require_once('E:\\xampp\\htdocs...')
#8 {main}
CRITICAL - 2022-01-06 21:49:23 --> Invalid file: E-Learning/kelasx.php
#0 E:\xampp\htdocs\E-Learning\system\View\View.php(198): CodeIgniter\Exceptions\FrameworkException::forInvalidFile('E-Learning/kela...')
#1 E:\xampp\htdocs\E-Learning\system\Common.php(1097): CodeIgniter\View\View->render('E-Learning/kela...', Array, true)
#2 E:\xampp\htdocs\E-Learning\app\Controllers\Kelas.php(19): view('E-Learning/kela...', Array)
#3 E:\xampp\htdocs\E-Learning\system\CodeIgniter.php(824): App\Controllers\Kelas->X()
#4 E:\xampp\htdocs\E-Learning\system\CodeIgniter.php(410): CodeIgniter\CodeIgniter->runController(Object(App\Controllers\Kelas))
#5 E:\xampp\htdocs\E-Learning\system\CodeIgniter.php(318): CodeIgniter\CodeIgniter->handleRequest(NULL, Object(Config\Cache), false)
#6 E:\xampp\htdocs\E-Learning\public\index.php(37): CodeIgniter\CodeIgniter->run()
#7 E:\xampp\htdocs\E-Learning\system\Commands\Server\rewrite.php(43): require_once('E:\\xampp\\htdocs...')
#8 {main}
CRITICAL - 2022-01-06 21:50:22 --> Invalid file: E-Learning/kelasx.php
#0 E:\xampp\htdocs\E-Learning\system\View\View.php(198): CodeIgniter\Exceptions\FrameworkException::forInvalidFile('E-Learning/kela...')
#1 E:\xampp\htdocs\E-Learning\system\Common.php(1097): CodeIgniter\View\View->render('E-Learning/kela...', Array, true)
#2 E:\xampp\htdocs\E-Learning\app\Controllers\Kelas.php(19): view('E-Learning/kela...', Array)
#3 E:\xampp\htdocs\E-Learning\system\CodeIgniter.php(824): App\Controllers\Kelas->X()
#4 E:\xampp\htdocs\E-Learning\system\CodeIgniter.php(410): CodeIgniter\CodeIgniter->runController(Object(App\Controllers\Kelas))
#5 E:\xampp\htdocs\E-Learning\system\CodeIgniter.php(318): CodeIgniter\CodeIgniter->handleRequest(NULL, Object(Config\Cache), false)
#6 E:\xampp\htdocs\E-Learning\public\index.php(37): CodeIgniter\CodeIgniter->run()
#7 E:\xampp\htdocs\E-Learning\system\Commands\Server\rewrite.php(43): require_once('E:\\xampp\\htdocs...')
#8 {main}
CRITICAL - 2022-01-06 21:51:14 --> Invalid file: E-Learning/kelasx.php
#0 E:\xampp\htdocs\E-Learning\system\View\View.php(198): CodeIgniter\Exceptions\FrameworkException::forInvalidFile('E-Learning/kela...')
#1 E:\xampp\htdocs\E-Learning\system\Common.php(1097): CodeIgniter\View\View->render('E-Learning/kela...', Array, true)
#2 E:\xampp\htdocs\E-Learning\app\Controllers\Kelas.php(19): view('E-Learning/kela...', Array)
#3 E:\xampp\htdocs\E-Learning\system\CodeIgniter.php(824): App\Controllers\Kelas->X()
#4 E:\xampp\htdocs\E-Learning\system\CodeIgniter.php(410): CodeIgniter\CodeIgniter->runController(Object(App\Controllers\Kelas))
#5 E:\xampp\htdocs\E-Learning\system\CodeIgniter.php(318): CodeIgniter\CodeIgniter->handleRequest(NULL, Object(Config\Cache), false)
#6 E:\xampp\htdocs\E-Learning\public\index.php(37): CodeIgniter\CodeIgniter->run()
#7 E:\xampp\htdocs\E-Learning\system\Commands\Server\rewrite.php(43): require_once('E:\\xampp\\htdocs...')
#8 {main}
CRITICAL - 2022-01-06 21:51:27 --> Invalid file: E-Learning/kelasx.php
#0 E:\xampp\htdocs\E-Learning\system\View\View.php(198): CodeIgniter\Exceptions\FrameworkException::forInvalidFile('E-Learning/kela...')
#1 E:\xampp\htdocs\E-Learning\system\Common.php(1097): CodeIgniter\View\View->render('E-Learning/kela...', Array, true)
#2 E:\xampp\htdocs\E-Learning\app\Controllers\Kelas.php(19): view('E-Learning/kela...', Array)
#3 E:\xampp\htdocs\E-Learning\system\CodeIgniter.php(824): App\Controllers\Kelas->X()
#4 E:\xampp\htdocs\E-Learning\system\CodeIgniter.php(410): CodeIgniter\CodeIgniter->runController(Object(App\Controllers\Kelas))
#5 E:\xampp\htdocs\E-Learning\system\CodeIgniter.php(318): CodeIgniter\CodeIgniter->handleRequest(NULL, Object(Config\Cache), false)
#6 E:\xampp\htdocs\E-Learning\public\index.php(37): CodeIgniter\CodeIgniter->run()
#7 E:\xampp\htdocs\E-Learning\system\Commands\Server\rewrite.php(43): require_once('E:\\xampp\\htdocs...')
#8 {main}
CRITICAL - 2022-01-06 21:51:28 --> Invalid file: E-Learning/kelasx.php
#0 E:\xampp\htdocs\E-Learning\system\View\View.php(198): CodeIgniter\Exceptions\FrameworkException::forInvalidFile('E-Learning/kela...')
#1 E:\xampp\htdocs\E-Learning\system\Common.php(1097): CodeIgniter\View\View->render('E-Learning/kela...', Array, true)
#2 E:\xampp\htdocs\E-Learning\app\Controllers\Kelas.php(19): view('E-Learning/kela...', Array)
#3 E:\xampp\htdocs\E-Learning\system\CodeIgniter.php(824): App\Controllers\Kelas->X()
#4 E:\xampp\htdocs\E-Learning\system\CodeIgniter.php(410): CodeIgniter\CodeIgniter->runController(Object(App\Controllers\Kelas))
#5 E:\xampp\htdocs\E-Learning\system\CodeIgniter.php(318): CodeIgniter\CodeIgniter->handleRequest(NULL, Object(Config\Cache), false)
#6 E:\xampp\htdocs\E-Learning\public\index.php(37): CodeIgniter\CodeIgniter->run()
#7 E:\xampp\htdocs\E-Learning\system\Commands\Server\rewrite.php(43): require_once('E:\\xampp\\htdocs...')
#8 {main}
CRITICAL - 2022-01-06 21:51:28 --> Invalid file: E-Learning/kelasx.php
#0 E:\xampp\htdocs\E-Learning\system\View\View.php(198): CodeIgniter\Exceptions\FrameworkException::forInvalidFile('E-Learning/kela...')
#1 E:\xampp\htdocs\E-Learning\system\Common.php(1097): CodeIgniter\View\View->render('E-Learning/kela...', Array, true)
#2 E:\xampp\htdocs\E-Learning\app\Controllers\Kelas.php(19): view('E-Learning/kela...', Array)
#3 E:\xampp\htdocs\E-Learning\system\CodeIgniter.php(824): App\Controllers\Kelas->X()
#4 E:\xampp\htdocs\E-Learning\system\CodeIgniter.php(410): CodeIgniter\CodeIgniter->runController(Object(App\Controllers\Kelas))
#5 E:\xampp\htdocs\E-Learning\system\CodeIgniter.php(318): CodeIgniter\CodeIgniter->handleRequest(NULL, Object(Config\Cache), false)
#6 E:\xampp\htdocs\E-Learning\public\index.php(37): CodeIgniter\CodeIgniter->run()
#7 E:\xampp\htdocs\E-Learning\system\Commands\Server\rewrite.php(43): require_once('E:\\xampp\\htdocs...')
#8 {main}
CRITICAL - 2022-01-06 21:51:28 --> Invalid file: E-Learning/kelasx.php
#0 E:\xampp\htdocs\E-Learning\system\View\View.php(198): CodeIgniter\Exceptions\FrameworkException::forInvalidFile('E-Learning/kela...')
#1 E:\xampp\htdocs\E-Learning\system\Common.php(1097): CodeIgniter\View\View->render('E-Learning/kela...', Array, true)
#2 E:\xampp\htdocs\E-Learning\app\Controllers\Kelas.php(19): view('E-Learning/kela...', Array)
#3 E:\xampp\htdocs\E-Learning\system\CodeIgniter.php(824): App\Controllers\Kelas->X()
#4 E:\xampp\htdocs\E-Learning\system\CodeIgniter.php(410): CodeIgniter\CodeIgniter->runController(Object(App\Controllers\Kelas))
#5 E:\xampp\htdocs\E-Learning\system\CodeIgniter.php(318): CodeIgniter\CodeIgniter->handleRequest(NULL, Object(Config\Cache), false)
#6 E:\xampp\htdocs\E-Learning\public\index.php(37): CodeIgniter\CodeIgniter->run()
#7 E:\xampp\htdocs\E-Learning\system\Commands\Server\rewrite.php(43): require_once('E:\\xampp\\htdocs...')
#8 {main}
CRITICAL - 2022-01-06 21:51:29 --> Invalid file: E-Learning/kelasx.php
#0 E:\xampp\htdocs\E-Learning\system\View\View.php(198): CodeIgniter\Exceptions\FrameworkException::forInvalidFile('E-Learning/kela...')
#1 E:\xampp\htdocs\E-Learning\system\Common.php(1097): CodeIgniter\View\View->render('E-Learning/kela...', Array, true)
#2 E:\xampp\htdocs\E-Learning\app\Controllers\Kelas.php(19): view('E-Learning/kela...', Array)
#3 E:\xampp\htdocs\E-Learning\system\CodeIgniter.php(824): App\Controllers\Kelas->X()
#4 E:\xampp\htdocs\E-Learning\system\CodeIgniter.php(410): CodeIgniter\CodeIgniter->runController(Object(App\Controllers\Kelas))
#5 E:\xampp\htdocs\E-Learning\system\CodeIgniter.php(318): CodeIgniter\CodeIgniter->handleRequest(NULL, Object(Config\Cache), false)
#6 E:\xampp\htdocs\E-Learning\public\index.php(37): CodeIgniter\CodeIgniter->run()
#7 E:\xampp\htdocs\E-Learning\system\Commands\Server\rewrite.php(43): require_once('E:\\xampp\\htdocs...')
#8 {main}
CRITICAL - 2022-01-06 21:51:29 --> Invalid file: E-Learning/kelasx.php
#0 E:\xampp\htdocs\E-Learning\system\View\View.php(198): CodeIgniter\Exceptions\FrameworkException::forInvalidFile('E-Learning/kela...')
#1 E:\xampp\htdocs\E-Learning\system\Common.php(1097): CodeIgniter\View\View->render('E-Learning/kela...', Array, true)
#2 E:\xampp\htdocs\E-Learning\app\Controllers\Kelas.php(19): view('E-Learning/kela...', Array)
#3 E:\xampp\htdocs\E-Learning\system\CodeIgniter.php(824): App\Controllers\Kelas->X()
#4 E:\xampp\htdocs\E-Learning\system\CodeIgniter.php(410): CodeIgniter\CodeIgniter->runController(Object(App\Controllers\Kelas))
#5 E:\xampp\htdocs\E-Learning\system\CodeIgniter.php(318): CodeIgniter\CodeIgniter->handleRequest(NULL, Object(Config\Cache), false)
#6 E:\xampp\htdocs\E-Learning\public\index.php(37): CodeIgniter\CodeIgniter->run()
#7 E:\xampp\htdocs\E-Learning\system\Commands\Server\rewrite.php(43): require_once('E:\\xampp\\htdocs...')
#8 {main}
CRITICAL - 2022-01-06 21:51:29 --> Invalid file: E-Learning/kelasx.php
#0 E:\xampp\htdocs\E-Learning\system\View\View.php(198): CodeIgniter\Exceptions\FrameworkException::forInvalidFile('E-Learning/kela...')
#1 E:\xampp\htdocs\E-Learning\system\Common.php(1097): CodeIgniter\View\View->render('E-Learning/kela...', Array, true)
#2 E:\xampp\htdocs\E-Learning\app\Controllers\Kelas.php(19): view('E-Learning/kela...', Array)
#3 E:\xampp\htdocs\E-Learning\system\CodeIgniter.php(824): App\Controllers\Kelas->X()
#4 E:\xampp\htdocs\E-Learning\system\CodeIgniter.php(410): CodeIgniter\CodeIgniter->runController(Object(App\Controllers\Kelas))
#5 E:\xampp\htdocs\E-Learning\system\CodeIgniter.php(318): CodeIgniter\CodeIgniter->handleRequest(NULL, Object(Config\Cache), false)
#6 E:\xampp\htdocs\E-Learning\public\index.php(37): CodeIgniter\CodeIgniter->run()
#7 E:\xampp\htdocs\E-Learning\system\Commands\Server\rewrite.php(43): require_once('E:\\xampp\\htdocs...')
#8 {main}
CRITICAL - 2022-01-06 21:51:29 --> Invalid file: E-Learning/kelasx.php
#0 E:\xampp\htdocs\E-Learning\system\View\View.php(198): CodeIgniter\Exceptions\FrameworkException::forInvalidFile('E-Learning/kela...')
#1 E:\xampp\htdocs\E-Learning\system\Common.php(1097): CodeIgniter\View\View->render('E-Learning/kela...', Array, true)
#2 E:\xampp\htdocs\E-Learning\app\Controllers\Kelas.php(19): view('E-Learning/kela...', Array)
#3 E:\xampp\htdocs\E-Learning\system\CodeIgniter.php(824): App\Controllers\Kelas->X()
#4 E:\xampp\htdocs\E-Learning\system\CodeIgniter.php(410): CodeIgniter\CodeIgniter->runController(Object(App\Controllers\Kelas))
#5 E:\xampp\htdocs\E-Learning\system\CodeIgniter.php(318): CodeIgniter\CodeIgniter->handleRequest(NULL, Object(Config\Cache), false)
#6 E:\xampp\htdocs\E-Learning\public\index.php(37): CodeIgniter\CodeIgniter->run()
#7 E:\xampp\htdocs\E-Learning\system\Commands\Server\rewrite.php(43): require_once('E:\\xampp\\htdocs...')
#8 {main}
CRITICAL - 2022-01-06 21:51:30 --> Invalid file: E-Learning/kelasx.php
#0 E:\xampp\htdocs\E-Learning\system\View\View.php(198): CodeIgniter\Exceptions\FrameworkException::forInvalidFile('E-Learning/kela...')
#1 E:\xampp\htdocs\E-Learning\system\Common.php(1097): CodeIgniter\View\View->render('E-Learning/kela...', Array, true)
#2 E:\xampp\htdocs\E-Learning\app\Controllers\Kelas.php(19): view('E-Learning/kela...', Array)
#3 E:\xampp\htdocs\E-Learning\system\CodeIgniter.php(824): App\Controllers\Kelas->X()
#4 E:\xampp\htdocs\E-Learning\system\CodeIgniter.php(410): CodeIgniter\CodeIgniter->runController(Object(App\Controllers\Kelas))
#5 E:\xampp\htdocs\E-Learning\system\CodeIgniter.php(318): CodeIgniter\CodeIgniter->handleRequest(NULL, Object(Config\Cache), false)
#6 E:\xampp\htdocs\E-Learning\public\index.php(37): CodeIgniter\CodeIgniter->run()
#7 E:\xampp\htdocs\E-Learning\system\Commands\Server\rewrite.php(43): require_once('E:\\xampp\\htdocs...')
#8 {main}
CRITICAL - 2022-01-06 21:51:30 --> Invalid file: E-Learning/kelasx.php
#0 E:\xampp\htdocs\E-Learning\system\View\View.php(198): CodeIgniter\Exceptions\FrameworkException::forInvalidFile('E-Learning/kela...')
#1 E:\xampp\htdocs\E-Learning\system\Common.php(1097): CodeIgniter\View\View->render('E-Learning/kela...', Array, true)
#2 E:\xampp\htdocs\E-Learning\app\Controllers\Kelas.php(19): view('E-Learning/kela...', Array)
#3 E:\xampp\htdocs\E-Learning\system\CodeIgniter.php(824): App\Controllers\Kelas->X()
#4 E:\xampp\htdocs\E-Learning\system\CodeIgniter.php(410): CodeIgniter\CodeIgniter->runController(Object(App\Controllers\Kelas))
#5 E:\xampp\htdocs\E-Learning\system\CodeIgniter.php(318): CodeIgniter\CodeIgniter->handleRequest(NULL, Object(Config\Cache), false)
#6 E:\xampp\htdocs\E-Learning\public\index.php(37): CodeIgniter\CodeIgniter->run()
#7 E:\xampp\htdocs\E-Learning\system\Commands\Server\rewrite.php(43): require_once('E:\\xampp\\htdocs...')
#8 {main}
CRITICAL - 2022-01-06 21:51:30 --> Invalid file: E-Learning/kelasx.php
#0 E:\xampp\htdocs\E-Learning\system\View\View.php(198): CodeIgniter\Exceptions\FrameworkException::forInvalidFile('E-Learning/kela...')
#1 E:\xampp\htdocs\E-Learning\system\Common.php(1097): CodeIgniter\View\View->render('E-Learning/kela...', Array, true)
#2 E:\xampp\htdocs\E-Learning\app\Controllers\Kelas.php(19): view('E-Learning/kela...', Array)
#3 E:\xampp\htdocs\E-Learning\system\CodeIgniter.php(824): App\Controllers\Kelas->X()
#4 E:\xampp\htdocs\E-Learning\system\CodeIgniter.php(410): CodeIgniter\CodeIgniter->runController(Object(App\Controllers\Kelas))
#5 E:\xampp\htdocs\E-Learning\system\CodeIgniter.php(318): CodeIgniter\CodeIgniter->handleRequest(NULL, Object(Config\Cache), false)
#6 E:\xampp\htdocs\E-Learning\public\index.php(37): CodeIgniter\CodeIgniter->run()
#7 E:\xampp\htdocs\E-Learning\system\Commands\Server\rewrite.php(43): require_once('E:\\xampp\\htdocs...')
#8 {main}
CRITICAL - 2022-01-06 21:51:31 --> Invalid file: E-Learning/kelasx.php
#0 E:\xampp\htdocs\E-Learning\system\View\View.php(198): CodeIgniter\Exceptions\FrameworkException::forInvalidFile('E-Learning/kela...')
#1 E:\xampp\htdocs\E-Learning\system\Common.php(1097): CodeIgniter\View\View->render('E-Learning/kela...', Array, true)
#2 E:\xampp\htdocs\E-Learning\app\Controllers\Kelas.php(19): view('E-Learning/kela...', Array)
#3 E:\xampp\htdocs\E-Learning\system\CodeIgniter.php(824): App\Controllers\Kelas->X()
#4 E:\xampp\htdocs\E-Learning\system\CodeIgniter.php(410): CodeIgniter\CodeIgniter->runController(Object(App\Controllers\Kelas))
#5 E:\xampp\htdocs\E-Learning\system\CodeIgniter.php(318): CodeIgniter\CodeIgniter->handleRequest(NULL, Object(Config\Cache), false)
#6 E:\xampp\htdocs\E-Learning\public\index.php(37): CodeIgniter\CodeIgniter->run()
#7 E:\xampp\htdocs\E-Learning\system\Commands\Server\rewrite.php(43): require_once('E:\\xampp\\htdocs...')
#8 {main}
CRITICAL - 2022-01-06 21:51:31 --> Invalid file: E-Learning/kelasx.php
#0 E:\xampp\htdocs\E-Learning\system\View\View.php(198): CodeIgniter\Exceptions\FrameworkException::forInvalidFile('E-Learning/kela...')
#1 E:\xampp\htdocs\E-Learning\system\Common.php(1097): CodeIgniter\View\View->render('E-Learning/kela...', Array, true)
#2 E:\xampp\htdocs\E-Learning\app\Controllers\Kelas.php(19): view('E-Learning/kela...', Array)
#3 E:\xampp\htdocs\E-Learning\system\CodeIgniter.php(824): App\Controllers\Kelas->X()
#4 E:\xampp\htdocs\E-Learning\system\CodeIgniter.php(410): CodeIgniter\CodeIgniter->runController(Object(App\Controllers\Kelas))
#5 E:\xampp\htdocs\E-Learning\system\CodeIgniter.php(318): CodeIgniter\CodeIgniter->handleRequest(NULL, Object(Config\Cache), false)
#6 E:\xampp\htdocs\E-Learning\public\index.php(37): CodeIgniter\CodeIgniter->run()
#7 E:\xampp\htdocs\E-Learning\system\Commands\Server\rewrite.php(43): require_once('E:\\xampp\\htdocs...')
#8 {main}
CRITICAL - 2022-01-06 21:51:31 --> Invalid file: E-Learning/kelasx.php
#0 E:\xampp\htdocs\E-Learning\system\View\View.php(198): CodeIgniter\Exceptions\FrameworkException::forInvalidFile('E-Learning/kela...')
#1 E:\xampp\htdocs\E-Learning\system\Common.php(1097): CodeIgniter\View\View->render('E-Learning/kela...', Array, true)
#2 E:\xampp\htdocs\E-Learning\app\Controllers\Kelas.php(19): view('E-Learning/kela...', Array)
#3 E:\xampp\htdocs\E-Learning\system\CodeIgniter.php(824): App\Controllers\Kelas->X()
#4 E:\xampp\htdocs\E-Learning\system\CodeIgniter.php(410): CodeIgniter\CodeIgniter->runController(Object(App\Controllers\Kelas))
#5 E:\xampp\htdocs\E-Learning\system\CodeIgniter.php(318): CodeIgniter\CodeIgniter->handleRequest(NULL, Object(Config\Cache), false)
#6 E:\xampp\htdocs\E-Learning\public\index.php(37): CodeIgniter\CodeIgniter->run()
#7 E:\xampp\htdocs\E-Learning\system\Commands\Server\rewrite.php(43): require_once('E:\\xampp\\htdocs...')
#8 {main}
CRITICAL - 2022-01-06 21:51:32 --> Invalid file: E-Learning/kelasx.php
#0 E:\xampp\htdocs\E-Learning\system\View\View.php(198): CodeIgniter\Exceptions\FrameworkException::forInvalidFile('E-Learning/kela...')
#1 E:\xampp\htdocs\E-Learning\system\Common.php(1097): CodeIgniter\View\View->render('E-Learning/kela...', Array, true)
#2 E:\xampp\htdocs\E-Learning\app\Controllers\Kelas.php(19): view('E-Learning/kela...', Array)
#3 E:\xampp\htdocs\E-Learning\system\CodeIgniter.php(824): App\Controllers\Kelas->X()
#4 E:\xampp\htdocs\E-Learning\system\CodeIgniter.php(410): CodeIgniter\CodeIgniter->runController(Object(App\Controllers\Kelas))
#5 E:\xampp\htdocs\E-Learning\system\CodeIgniter.php(318): CodeIgniter\CodeIgniter->handleRequest(NULL, Object(Config\Cache), false)
#6 E:\xampp\htdocs\E-Learning\public\index.php(37): CodeIgniter\CodeIgniter->run()
#7 E:\xampp\htdocs\E-Learning\system\Commands\Server\rewrite.php(43): require_once('E:\\xampp\\htdocs...')
#8 {main}
CRITICAL - 2022-01-06 21:51:32 --> Invalid file: E-Learning/kelasx.php
#0 E:\xampp\htdocs\E-Learning\system\View\View.php(198): CodeIgniter\Exceptions\FrameworkException::forInvalidFile('E-Learning/kela...')
#1 E:\xampp\htdocs\E-Learning\system\Common.php(1097): CodeIgniter\View\View->render('E-Learning/kela...', Array, true)
#2 E:\xampp\htdocs\E-Learning\app\Controllers\Kelas.php(19): view('E-Learning/kela...', Array)
#3 E:\xampp\htdocs\E-Learning\system\CodeIgniter.php(824): App\Controllers\Kelas->X()
#4 E:\xampp\htdocs\E-Learning\system\CodeIgniter.php(410): CodeIgniter\CodeIgniter->runController(Object(App\Controllers\Kelas))
#5 E:\xampp\htdocs\E-Learning\system\CodeIgniter.php(318): CodeIgniter\CodeIgniter->handleRequest(NULL, Object(Config\Cache), false)
#6 E:\xampp\htdocs\E-Learning\public\index.php(37): CodeIgniter\CodeIgniter->run()
#7 E:\xampp\htdocs\E-Learning\system\Commands\Server\rewrite.php(43): require_once('E:\\xampp\\htdocs...')
#8 {main}
CRITICAL - 2022-01-06 21:51:32 --> Invalid file: E-Learning/kelasx.php
#0 E:\xampp\htdocs\E-Learning\system\View\View.php(198): CodeIgniter\Exceptions\FrameworkException::forInvalidFile('E-Learning/kela...')
#1 E:\xampp\htdocs\E-Learning\system\Common.php(1097): CodeIgniter\View\View->render('E-Learning/kela...', Array, true)
#2 E:\xampp\htdocs\E-Learning\app\Controllers\Kelas.php(19): view('E-Learning/kela...', Array)
#3 E:\xampp\htdocs\E-Learning\system\CodeIgniter.php(824): App\Controllers\Kelas->X()
#4 E:\xampp\htdocs\E-Learning\system\CodeIgniter.php(410): CodeIgniter\CodeIgniter->runController(Object(App\Controllers\Kelas))
#5 E:\xampp\htdocs\E-Learning\system\CodeIgniter.php(318): CodeIgniter\CodeIgniter->handleRequest(NULL, Object(Config\Cache), false)
#6 E:\xampp\htdocs\E-Learning\public\index.php(37): CodeIgniter\CodeIgniter->run()
#7 E:\xampp\htdocs\E-Learning\system\Commands\Server\rewrite.php(43): require_once('E:\\xampp\\htdocs...')
#8 {main}
CRITICAL - 2022-01-06 21:51:32 --> Invalid file: E-Learning/kelasx.php
#0 E:\xampp\htdocs\E-Learning\system\View\View.php(198): CodeIgniter\Exceptions\FrameworkException::forInvalidFile('E-Learning/kela...')
#1 E:\xampp\htdocs\E-Learning\system\Common.php(1097): CodeIgniter\View\View->render('E-Learning/kela...', Array, true)
#2 E:\xampp\htdocs\E-Learning\app\Controllers\Kelas.php(19): view('E-Learning/kela...', Array)
#3 E:\xampp\htdocs\E-Learning\system\CodeIgniter.php(824): App\Controllers\Kelas->X()
#4 E:\xampp\htdocs\E-Learning\system\CodeIgniter.php(410): CodeIgniter\CodeIgniter->runController(Object(App\Controllers\Kelas))
#5 E:\xampp\htdocs\E-Learning\system\CodeIgniter.php(318): CodeIgniter\CodeIgniter->handleRequest(NULL, Object(Config\Cache), false)
#6 E:\xampp\htdocs\E-Learning\public\index.php(37): CodeIgniter\CodeIgniter->run()
#7 E:\xampp\htdocs\E-Learning\system\Commands\Server\rewrite.php(43): require_once('E:\\xampp\\htdocs...')
#8 {main}
CRITICAL - 2022-01-06 21:51:32 --> Invalid file: E-Learning/kelasx.php
#0 E:\xampp\htdocs\E-Learning\system\View\View.php(198): CodeIgniter\Exceptions\FrameworkException::forInvalidFile('E-Learning/kela...')
#1 E:\xampp\htdocs\E-Learning\system\Common.php(1097): CodeIgniter\View\View->render('E-Learning/kela...', Array, true)
#2 E:\xampp\htdocs\E-Learning\app\Controllers\Kelas.php(19): view('E-Learning/kela...', Array)
#3 E:\xampp\htdocs\E-Learning\system\CodeIgniter.php(824): App\Controllers\Kelas->X()
#4 E:\xampp\htdocs\E-Learning\system\CodeIgniter.php(410): CodeIgniter\CodeIgniter->runController(Object(App\Controllers\Kelas))
#5 E:\xampp\htdocs\E-Learning\system\CodeIgniter.php(318): CodeIgniter\CodeIgniter->handleRequest(NULL, Object(Config\Cache), false)
#6 E:\xampp\htdocs\E-Learning\public\index.php(37): CodeIgniter\CodeIgniter->run()
#7 E:\xampp\htdocs\E-Learning\system\Commands\Server\rewrite.php(43): require_once('E:\\xampp\\htdocs...')
#8 {main}
CRITICAL - 2022-01-06 21:51:33 --> Invalid file: E-Learning/kelasx.php
#0 E:\xampp\htdocs\E-Learning\system\View\View.php(198): CodeIgniter\Exceptions\FrameworkException::forInvalidFile('E-Learning/kela...')
#1 E:\xampp\htdocs\E-Learning\system\Common.php(1097): CodeIgniter\View\View->render('E-Learning/kela...', Array, true)
#2 E:\xampp\htdocs\E-Learning\app\Controllers\Kelas.php(19): view('E-Learning/kela...', Array)
#3 E:\xampp\htdocs\E-Learning\system\CodeIgniter.php(824): App\Controllers\Kelas->X()
#4 E:\xampp\htdocs\E-Learning\system\CodeIgniter.php(410): CodeIgniter\CodeIgniter->runController(Object(App\Controllers\Kelas))
#5 E:\xampp\htdocs\E-Learning\system\CodeIgniter.php(318): CodeIgniter\CodeIgniter->handleRequest(NULL, Object(Config\Cache), false)
#6 E:\xampp\htdocs\E-Learning\public\index.php(37): CodeIgniter\CodeIgniter->run()
#7 E:\xampp\htdocs\E-Learning\system\Commands\Server\rewrite.php(43): require_once('E:\\xampp\\htdocs...')
#8 {main}
CRITICAL - 2022-01-06 21:51:33 --> Invalid file: E-Learning/kelasx.php
#0 E:\xampp\htdocs\E-Learning\system\View\View.php(198): CodeIgniter\Exceptions\FrameworkException::forInvalidFile('E-Learning/kela...')
#1 E:\xampp\htdocs\E-Learning\system\Common.php(1097): CodeIgniter\View\View->render('E-Learning/kela...', Array, true)
#2 E:\xampp\htdocs\E-Learning\app\Controllers\Kelas.php(19): view('E-Learning/kela...', Array)
#3 E:\xampp\htdocs\E-Learning\system\CodeIgniter.php(824): App\Controllers\Kelas->X()
#4 E:\xampp\htdocs\E-Learning\system\CodeIgniter.php(410): CodeIgniter\CodeIgniter->runController(Object(App\Controllers\Kelas))
#5 E:\xampp\htdocs\E-Learning\system\CodeIgniter.php(318): CodeIgniter\CodeIgniter->handleRequest(NULL, Object(Config\Cache), false)
#6 E:\xampp\htdocs\E-Learning\public\index.php(37): CodeIgniter\CodeIgniter->run()
#7 E:\xampp\htdocs\E-Learning\system\Commands\Server\rewrite.php(43): require_once('E:\\xampp\\htdocs...')
#8 {main}
CRITICAL - 2022-01-06 21:51:33 --> Invalid file: E-Learning/kelasx.php
#0 E:\xampp\htdocs\E-Learning\system\View\View.php(198): CodeIgniter\Exceptions\FrameworkException::forInvalidFile('E-Learning/kela...')
#1 E:\xampp\htdocs\E-Learning\system\Common.php(1097): CodeIgniter\View\View->render('E-Learning/kela...', Array, true)
#2 E:\xampp\htdocs\E-Learning\app\Controllers\Kelas.php(19): view('E-Learning/kela...', Array)
#3 E:\xampp\htdocs\E-Learning\system\CodeIgniter.php(824): App\Controllers\Kelas->X()
#4 E:\xampp\htdocs\E-Learning\system\CodeIgniter.php(410): CodeIgniter\CodeIgniter->runController(Object(App\Controllers\Kelas))
#5 E:\xampp\htdocs\E-Learning\system\CodeIgniter.php(318): CodeIgniter\CodeIgniter->handleRequest(NULL, Object(Config\Cache), false)
#6 E:\xampp\htdocs\E-Learning\public\index.php(37): CodeIgniter\CodeIgniter->run()
#7 E:\xampp\htdocs\E-Learning\system\Commands\Server\rewrite.php(43): require_once('E:\\xampp\\htdocs...')
#8 {main}
CRITICAL - 2022-01-06 21:51:33 --> Invalid file: E-Learning/kelasx.php
#0 E:\xampp\htdocs\E-Learning\system\View\View.php(198): CodeIgniter\Exceptions\FrameworkException::forInvalidFile('E-Learning/kela...')
#1 E:\xampp\htdocs\E-Learning\system\Common.php(1097): CodeIgniter\View\View->render('E-Learning/kela...', Array, true)
#2 E:\xampp\htdocs\E-Learning\app\Controllers\Kelas.php(19): view('E-Learning/kela...', Array)
#3 E:\xampp\htdocs\E-Learning\system\CodeIgniter.php(824): App\Controllers\Kelas->X()
#4 E:\xampp\htdocs\E-Learning\system\CodeIgniter.php(410): CodeIgniter\CodeIgniter->runController(Object(App\Controllers\Kelas))
#5 E:\xampp\htdocs\E-Learning\system\CodeIgniter.php(318): CodeIgniter\CodeIgniter->handleRequest(NULL, Object(Config\Cache), false)
#6 E:\xampp\htdocs\E-Learning\public\index.php(37): CodeIgniter\CodeIgniter->run()
#7 E:\xampp\htdocs\E-Learning\system\Commands\Server\rewrite.php(43): require_once('E:\\xampp\\htdocs...')
#8 {main}
CRITICAL - 2022-01-06 21:51:33 --> Invalid file: E-Learning/kelasx.php
#0 E:\xampp\htdocs\E-Learning\system\View\View.php(198): CodeIgniter\Exceptions\FrameworkException::forInvalidFile('E-Learning/kela...')
#1 E:\xampp\htdocs\E-Learning\system\Common.php(1097): CodeIgniter\View\View->render('E-Learning/kela...', Array, true)
#2 E:\xampp\htdocs\E-Learning\app\Controllers\Kelas.php(19): view('E-Learning/kela...', Array)
#3 E:\xampp\htdocs\E-Learning\system\CodeIgniter.php(824): App\Controllers\Kelas->X()
#4 E:\xampp\htdocs\E-Learning\system\CodeIgniter.php(410): CodeIgniter\CodeIgniter->runController(Object(App\Controllers\Kelas))
#5 E:\xampp\htdocs\E-Learning\system\CodeIgniter.php(318): CodeIgniter\CodeIgniter->handleRequest(NULL, Object(Config\Cache), false)
#6 E:\xampp\htdocs\E-Learning\public\index.php(37): CodeIgniter\CodeIgniter->run()
#7 E:\xampp\htdocs\E-Learning\system\Commands\Server\rewrite.php(43): require_once('E:\\xampp\\htdocs...')
#8 {main}
CRITICAL - 2022-01-06 21:51:34 --> Invalid file: E-Learning/kelasx.php
#0 E:\xampp\htdocs\E-Learning\system\View\View.php(198): CodeIgniter\Exceptions\FrameworkException::forInvalidFile('E-Learning/kela...')
#1 E:\xampp\htdocs\E-Learning\system\Common.php(1097): CodeIgniter\View\View->render('E-Learning/kela...', Array, true)
#2 E:\xampp\htdocs\E-Learning\app\Controllers\Kelas.php(19): view('E-Learning/kela...', Array)
#3 E:\xampp\htdocs\E-Learning\system\CodeIgniter.php(824): App\Controllers\Kelas->X()
#4 E:\xampp\htdocs\E-Learning\system\CodeIgniter.php(410): CodeIgniter\CodeIgniter->runController(Object(App\Controllers\Kelas))
#5 E:\xampp\htdocs\E-Learning\system\CodeIgniter.php(318): CodeIgniter\CodeIgniter->handleRequest(NULL, Object(Config\Cache), false)
#6 E:\xampp\htdocs\E-Learning\public\index.php(37): CodeIgniter\CodeIgniter->run()
#7 E:\xampp\htdocs\E-Learning\system\Commands\Server\rewrite.php(43): require_once('E:\\xampp\\htdocs...')
#8 {main}
CRITICAL - 2022-01-06 21:51:34 --> Invalid file: E-Learning/kelasx.php
#0 E:\xampp\htdocs\E-Learning\system\View\View.php(198): CodeIgniter\Exceptions\FrameworkException::forInvalidFile('E-Learning/kela...')
#1 E:\xampp\htdocs\E-Learning\system\Common.php(1097): CodeIgniter\View\View->render('E-Learning/kela...', Array, true)
#2 E:\xampp\htdocs\E-Learning\app\Controllers\Kelas.php(19): view('E-Learning/kela...', Array)
#3 E:\xampp\htdocs\E-Learning\system\CodeIgniter.php(824): App\Controllers\Kelas->X()
#4 E:\xampp\htdocs\E-Learning\system\CodeIgniter.php(410): CodeIgniter\CodeIgniter->runController(Object(App\Controllers\Kelas))
#5 E:\xampp\htdocs\E-Learning\system\CodeIgniter.php(318): CodeIgniter\CodeIgniter->handleRequest(NULL, Object(Config\Cache), false)
#6 E:\xampp\htdocs\E-Learning\public\index.php(37): CodeIgniter\CodeIgniter->run()
#7 E:\xampp\htdocs\E-Learning\system\Commands\Server\rewrite.php(43): require_once('E:\\xampp\\htdocs...')
#8 {main}
CRITICAL - 2022-01-06 21:51:34 --> Invalid file: E-Learning/kelasx.php
#0 E:\xampp\htdocs\E-Learning\system\View\View.php(198): CodeIgniter\Exceptions\FrameworkException::forInvalidFile('E-Learning/kela...')
#1 E:\xampp\htdocs\E-Learning\system\Common.php(1097): CodeIgniter\View\View->render('E-Learning/kela...', Array, true)
#2 E:\xampp\htdocs\E-Learning\app\Controllers\Kelas.php(19): view('E-Learning/kela...', Array)
#3 E:\xampp\htdocs\E-Learning\system\CodeIgniter.php(824): App\Controllers\Kelas->X()
#4 E:\xampp\htdocs\E-Learning\system\CodeIgniter.php(410): CodeIgniter\CodeIgniter->runController(Object(App\Controllers\Kelas))
#5 E:\xampp\htdocs\E-Learning\system\CodeIgniter.php(318): CodeIgniter\CodeIgniter->handleRequest(NULL, Object(Config\Cache), false)
#6 E:\xampp\htdocs\E-Learning\public\index.php(37): CodeIgniter\CodeIgniter->run()
#7 E:\xampp\htdocs\E-Learning\system\Commands\Server\rewrite.php(43): require_once('E:\\xampp\\htdocs...')
#8 {main}
CRITICAL - 2022-01-06 21:51:35 --> Invalid file: E-Learning/kelasx.php
#0 E:\xampp\htdocs\E-Learning\system\View\View.php(198): CodeIgniter\Exceptions\FrameworkException::forInvalidFile('E-Learning/kela...')
#1 E:\xampp\htdocs\E-Learning\system\Common.php(1097): CodeIgniter\View\View->render('E-Learning/kela...', Array, true)
#2 E:\xampp\htdocs\E-Learning\app\Controllers\Kelas.php(19): view('E-Learning/kela...', Array)
#3 E:\xampp\htdocs\E-Learning\system\CodeIgniter.php(824): App\Controllers\Kelas->X()
#4 E:\xampp\htdocs\E-Learning\system\CodeIgniter.php(410): CodeIgniter\CodeIgniter->runController(Object(App\Controllers\Kelas))
#5 E:\xampp\htdocs\E-Learning\system\CodeIgniter.php(318): CodeIgniter\CodeIgniter->handleRequest(NULL, Object(Config\Cache), false)
#6 E:\xampp\htdocs\E-Learning\public\index.php(37): CodeIgniter\CodeIgniter->run()
#7 E:\xampp\htdocs\E-Learning\system\Commands\Server\rewrite.php(43): require_once('E:\\xampp\\htdocs...')
#8 {main}
CRITICAL - 2022-01-06 21:51:35 --> Invalid file: E-Learning/kelasx.php
#0 E:\xampp\htdocs\E-Learning\system\View\View.php(198): CodeIgniter\Exceptions\FrameworkException::forInvalidFile('E-Learning/kela...')
#1 E:\xampp\htdocs\E-Learning\system\Common.php(1097): CodeIgniter\View\View->render('E-Learning/kela...', Array, true)
#2 E:\xampp\htdocs\E-Learning\app\Controllers\Kelas.php(19): view('E-Learning/kela...', Array)
#3 E:\xampp\htdocs\E-Learning\system\CodeIgniter.php(824): App\Controllers\Kelas->X()
#4 E:\xampp\htdocs\E-Learning\system\CodeIgniter.php(410): CodeIgniter\CodeIgniter->runController(Object(App\Controllers\Kelas))
#5 E:\xampp\htdocs\E-Learning\system\CodeIgniter.php(318): CodeIgniter\CodeIgniter->handleRequest(NULL, Object(Config\Cache), false)
#6 E:\xampp\htdocs\E-Learning\public\index.php(37): CodeIgniter\CodeIgniter->run()
#7 E:\xampp\htdocs\E-Learning\system\Commands\Server\rewrite.php(43): require_once('E:\\xampp\\htdocs...')
#8 {main}
CRITICAL - 2022-01-06 21:51:35 --> Invalid file: E-Learning/kelasx.php
#0 E:\xampp\htdocs\E-Learning\system\View\View.php(198): CodeIgniter\Exceptions\FrameworkException::forInvalidFile('E-Learning/kela...')
#1 E:\xampp\htdocs\E-Learning\system\Common.php(1097): CodeIgniter\View\View->render('E-Learning/kela...', Array, true)
#2 E:\xampp\htdocs\E-Learning\app\Controllers\Kelas.php(19): view('E-Learning/kela...', Array)
#3 E:\xampp\htdocs\E-Learning\system\CodeIgniter.php(824): App\Controllers\Kelas->X()
#4 E:\xampp\htdocs\E-Learning\system\CodeIgniter.php(410): CodeIgniter\CodeIgniter->runController(Object(App\Controllers\Kelas))
#5 E:\xampp\htdocs\E-Learning\system\CodeIgniter.php(318): CodeIgniter\CodeIgniter->handleRequest(NULL, Object(Config\Cache), false)
#6 E:\xampp\htdocs\E-Learning\public\index.php(37): CodeIgniter\CodeIgniter->run()
#7 E:\xampp\htdocs\E-Learning\system\Commands\Server\rewrite.php(43): require_once('E:\\xampp\\htdocs...')
#8 {main}
CRITICAL - 2022-01-06 21:51:36 --> Invalid file: E-Learning/kelasx.php
#0 E:\xampp\htdocs\E-Learning\system\View\View.php(198): CodeIgniter\Exceptions\FrameworkException::forInvalidFile('E-Learning/kela...')
#1 E:\xampp\htdocs\E-Learning\system\Common.php(1097): CodeIgniter\View\View->render('E-Learning/kela...', Array, true)
#2 E:\xampp\htdocs\E-Learning\app\Controllers\Kelas.php(19): view('E-Learning/kela...', Array)
#3 E:\xampp\htdocs\E-Learning\system\CodeIgniter.php(824): App\Controllers\Kelas->X()
#4 E:\xampp\htdocs\E-Learning\system\CodeIgniter.php(410): CodeIgniter\CodeIgniter->runController(Object(App\Controllers\Kelas))
#5 E:\xampp\htdocs\E-Learning\system\CodeIgniter.php(318): CodeIgniter\CodeIgniter->handleRequest(NULL, Object(Config\Cache), false)
#6 E:\xampp\htdocs\E-Learning\public\index.php(37): CodeIgniter\CodeIgniter->run()
#7 E:\xampp\htdocs\E-Learning\system\Commands\Server\rewrite.php(43): require_once('E:\\xampp\\htdocs...')
#8 {main}
CRITICAL - 2022-01-06 21:51:36 --> Invalid file: E-Learning/kelasx.php
#0 E:\xampp\htdocs\E-Learning\system\View\View.php(198): CodeIgniter\Exceptions\FrameworkException::forInvalidFile('E-Learning/kela...')
#1 E:\xampp\htdocs\E-Learning\system\Common.php(1097): CodeIgniter\View\View->render('E-Learning/kela...', Array, true)
#2 E:\xampp\htdocs\E-Learning\app\Controllers\Kelas.php(19): view('E-Learning/kela...', Array)
#3 E:\xampp\htdocs\E-Learning\system\CodeIgniter.php(824): App\Controllers\Kelas->X()
#4 E:\xampp\htdocs\E-Learning\system\CodeIgniter.php(410): CodeIgniter\CodeIgniter->runController(Object(App\Controllers\Kelas))
#5 E:\xampp\htdocs\E-Learning\system\CodeIgniter.php(318): CodeIgniter\CodeIgniter->handleRequest(NULL, Object(Config\Cache), false)
#6 E:\xampp\htdocs\E-Learning\public\index.php(37): CodeIgniter\CodeIgniter->run()
#7 E:\xampp\htdocs\E-Learning\system\Commands\Server\rewrite.php(43): require_once('E:\\xampp\\htdocs...')
#8 {main}
CRITICAL - 2022-01-06 21:51:36 --> Invalid file: E-Learning/kelasx.php
#0 E:\xampp\htdocs\E-Learning\system\View\View.php(198): CodeIgniter\Exceptions\FrameworkException::forInvalidFile('E-Learning/kela...')
#1 E:\xampp\htdocs\E-Learning\system\Common.php(1097): CodeIgniter\View\View->render('E-Learning/kela...', Array, true)
#2 E:\xampp\htdocs\E-Learning\app\Controllers\Kelas.php(19): view('E-Learning/kela...', Array)
#3 E:\xampp\htdocs\E-Learning\system\CodeIgniter.php(824): App\Controllers\Kelas->X()
#4 E:\xampp\htdocs\E-Learning\system\CodeIgniter.php(410): CodeIgniter\CodeIgniter->runController(Object(App\Controllers\Kelas))
#5 E:\xampp\htdocs\E-Learning\system\CodeIgniter.php(318): CodeIgniter\CodeIgniter->handleRequest(NULL, Object(Config\Cache), false)
#6 E:\xampp\htdocs\E-Learning\public\index.php(37): CodeIgniter\CodeIgniter->run()
#7 E:\xampp\htdocs\E-Learning\system\Commands\Server\rewrite.php(43): require_once('E:\\xampp\\htdocs...')
#8 {main}
CRITICAL - 2022-01-06 21:51:36 --> Invalid file: E-Learning/kelasx.php
#0 E:\xampp\htdocs\E-Learning\system\View\View.php(198): CodeIgniter\Exceptions\FrameworkException::forInvalidFile('E-Learning/kela...')
#1 E:\xampp\htdocs\E-Learning\system\Common.php(1097): CodeIgniter\View\View->render('E-Learning/kela...', Array, true)
#2 E:\xampp\htdocs\E-Learning\app\Controllers\Kelas.php(19): view('E-Learning/kela...', Array)
#3 E:\xampp\htdocs\E-Learning\system\CodeIgniter.php(824): App\Controllers\Kelas->X()
#4 E:\xampp\htdocs\E-Learning\system\CodeIgniter.php(410): CodeIgniter\CodeIgniter->runController(Object(App\Controllers\Kelas))
#5 E:\xampp\htdocs\E-Learning\system\CodeIgniter.php(318): CodeIgniter\CodeIgniter->handleRequest(NULL, Object(Config\Cache), false)
#6 E:\xampp\htdocs\E-Learning\public\index.php(37): CodeIgniter\CodeIgniter->run()
#7 E:\xampp\htdocs\E-Learning\system\Commands\Server\rewrite.php(43): require_once('E:\\xampp\\htdocs...')
#8 {main}
CRITICAL - 2022-01-06 22:00:54 --> Invalid file: E-Learning/kelasx.php
#0 E:\xampp\htdocs\E-Learning\system\View\View.php(198): CodeIgniter\Exceptions\FrameworkException::forInvalidFile('E-Learning/kela...')
#1 E:\xampp\htdocs\E-Learning\system\Common.php(1097): CodeIgniter\View\View->render('E-Learning/kela...', Array, true)
#2 E:\xampp\htdocs\E-Learning\app\Controllers\Kelas.php(19): view('E-Learning/kela...', Array)
#3 E:\xampp\htdocs\E-Learning\system\CodeIgniter.php(824): App\Controllers\Kelas->X()
#4 E:\xampp\htdocs\E-Learning\system\CodeIgniter.php(410): CodeIgniter\CodeIgniter->runController(Object(App\Controllers\Kelas))
#5 E:\xampp\htdocs\E-Learning\system\CodeIgniter.php(318): CodeIgniter\CodeIgniter->handleRequest(NULL, Object(Config\Cache), false)
#6 E:\xampp\htdocs\E-Learning\public\index.php(37): CodeIgniter\CodeIgniter->run()
#7 E:\xampp\htdocs\E-Learning\system\Commands\Server\rewrite.php(43): require_once('E:\\xampp\\htdocs...')
#8 {main}
CRITICAL - 2022-01-06 23:45:37 --> syntax error, unexpected '}', expecting ';'
#0 E:\xampp\htdocs\E-Learning\system\Router\Router.php(176): CodeIgniter\Router\Router->autoRoute('learning/')
#1 E:\xampp\htdocs\E-Learning\system\CodeIgniter.php(718): CodeIgniter\Router\Router->handle('learning/')
#2 E:\xampp\htdocs\E-Learning\system\CodeIgniter.php(359): CodeIgniter\CodeIgniter->tryToRouteIt(Object(CodeIgniter\Router\RouteCollection))
#3 E:\xampp\htdocs\E-Learning\system\CodeIgniter.php(318): CodeIgniter\CodeIgniter->handleRequest(NULL, Object(Config\Cache), false)
#4 E:\xampp\htdocs\E-Learning\public\index.php(37): CodeIgniter\CodeIgniter->run()
#5 E:\xampp\htdocs\E-Learning\system\Commands\Server\rewrite.php(43): require_once('E:\\xampp\\htdocs...')
#6 {main}
CRITICAL - 2022-01-06 23:45:48 --> Invalid file: /register.php
#0 E:\xampp\htdocs\E-Learning\system\View\View.php(198): CodeIgniter\Exceptions\FrameworkException::forInvalidFile('/register.php')
#1 E:\xampp\htdocs\E-Learning\system\Common.php(1097): CodeIgniter\View\View->render('/register', Array, true)
#2 E:\xampp\htdocs\E-Learning\app\Controllers\Learning.php(23): view('/register')
#3 E:\xampp\htdocs\E-Learning\system\CodeIgniter.php(824): App\Controllers\Learning->register()
#4 E:\xampp\htdocs\E-Learning\system\CodeIgniter.php(410): CodeIgniter\CodeIgniter->runController(Object(App\Controllers\Learning))
#5 E:\xampp\htdocs\E-Learning\system\CodeIgniter.php(318): CodeIgniter\CodeIgniter->handleRequest(NULL, Object(Config\Cache), false)
#6 E:\xampp\htdocs\E-Learning\public\index.php(37): CodeIgniter\CodeIgniter->run()
#7 E:\xampp\htdocs\E-Learning\system\Commands\Server\rewrite.php(43): require_once('E:\\xampp\\htdocs...')
#8 {main}
CRITICAL - 2022-01-06 23:46:40 --> Invalid file: /register.php
#0 E:\xampp\htdocs\E-Learning\system\View\View.php(198): CodeIgniter\Exceptions\FrameworkException::forInvalidFile('/register.php')
#1 E:\xampp\htdocs\E-Learning\system\Common.php(1097): CodeIgniter\View\View->render('/register', Array, true)
#2 E:\xampp\htdocs\E-Learning\app\Controllers\Learning.php(23): view('/register')
#3 E:\xampp\htdocs\E-Learning\system\CodeIgniter.php(824): App\Controllers\Learning->register()
#4 E:\xampp\htdocs\E-Learning\system\CodeIgniter.php(410): CodeIgniter\CodeIgniter->runController(Object(App\Controllers\Learning))
#5 E:\xampp\htdocs\E-Learning\system\CodeIgniter.php(318): CodeIgniter\CodeIgniter->handleRequest(NULL, Object(Config\Cache), false)
#6 E:\xampp\htdocs\E-Learning\public\index.php(37): CodeIgniter\CodeIgniter->run()
#7 E:\xampp\htdocs\E-Learning\system\Commands\Server\rewrite.php(43): require_once('E:\\xampp\\htdocs...')
#8 {main}
CRITICAL - 2022-01-06 23:46:59 --> Invalid file: /register.php
#0 E:\xampp\htdocs\E-Learning\system\View\View.php(198): CodeIgniter\Exceptions\FrameworkException::forInvalidFile('/register.php')
#1 E:\xampp\htdocs\E-Learning\system\Common.php(1097): CodeIgniter\View\View->render('/register', Array, true)
#2 E:\xampp\htdocs\E-Learning\app\Controllers\Learning.php(23): view('/register')
#3 E:\xampp\htdocs\E-Learning\system\CodeIgniter.php(824): App\Controllers\Learning->register()
#4 E:\xampp\htdocs\E-Learning\system\CodeIgniter.php(410): CodeIgniter\CodeIgniter->runController(Object(App\Controllers\Learning))
#5 E:\xampp\htdocs\E-Learning\system\CodeIgniter.php(318): CodeIgniter\CodeIgniter->handleRequest(NULL, Object(Config\Cache), false)
#6 E:\xampp\htdocs\E-Learning\public\index.php(37): CodeIgniter\CodeIgniter->run()
#7 E:\xampp\htdocs\E-Learning\system\Commands\Server\rewrite.php(43): require_once('E:\\xampp\\htdocs...')
#8 {main}
CRITICAL - 2022-01-06 23:47:31 --> Invalid file: /register.php
#0 E:\xampp\htdocs\E-Learning\system\View\View.php(198): CodeIgniter\Exceptions\FrameworkException::forInvalidFile('/register.php')
#1 E:\xampp\htdocs\E-Learning\system\Common.php(1097): CodeIgniter\View\View->render('/register', Array, true)
#2 E:\xampp\htdocs\E-Learning\app\Controllers\Learning.php(23): view('/register')
#3 E:\xampp\htdocs\E-Learning\system\CodeIgniter.php(824): App\Controllers\Learning->register()
#4 E:\xampp\htdocs\E-Learning\system\CodeIgniter.php(410): CodeIgniter\CodeIgniter->runController(Object(App\Controllers\Learning))
#5 E:\xampp\htdocs\E-Learning\system\CodeIgniter.php(318): CodeIgniter\CodeIgniter->handleRequest(NULL, Object(Config\Cache), false)
#6 E:\xampp\htdocs\E-Learning\public\index.php(37): CodeIgniter\CodeIgniter->run()
#7 E:\xampp\htdocs\E-Learning\system\Commands\Server\rewrite.php(43): require_once('E:\\xampp\\htdocs...')
#8 {main}
CRITICAL - 2022-01-06 23:47:31 --> Invalid file: /register.php
#0 E:\xampp\htdocs\E-Learning\system\View\View.php(198): CodeIgniter\Exceptions\FrameworkException::forInvalidFile('/register.php')
#1 E:\xampp\htdocs\E-Learning\system\Common.php(1097): CodeIgniter\View\View->render('/register', Array, true)
#2 E:\xampp\htdocs\E-Learning\app\Controllers\Learning.php(23): view('/register')
#3 E:\xampp\htdocs\E-Learning\system\CodeIgniter.php(824): App\Controllers\Learning->register()
#4 E:\xampp\htdocs\E-Learning\system\CodeIgniter.php(410): CodeIgniter\CodeIgniter->runController(Object(App\Controllers\Learning))
#5 E:\xampp\htdocs\E-Learning\system\CodeIgniter.php(318): CodeIgniter\CodeIgniter->handleRequest(NULL, Object(Config\Cache), false)
#6 E:\xampp\htdocs\E-Learning\public\index.php(37): CodeIgniter\CodeIgniter->run()
#7 E:\xampp\htdocs\E-Learning\system\Commands\Server\rewrite.php(43): require_once('E:\\xampp\\htdocs...')
#8 {main}
CRITICAL - 2022-01-06 23:47:32 --> Invalid file: /register.php
#0 E:\xampp\htdocs\E-Learning\system\View\View.php(198): CodeIgniter\Exceptions\FrameworkException::forInvalidFile('/register.php')
#1 E:\xampp\htdocs\E-Learning\system\Common.php(1097): CodeIgniter\View\View->render('/register', Array, true)
#2 E:\xampp\htdocs\E-Learning\app\Controllers\Learning.php(23): view('/register')
#3 E:\xampp\htdocs\E-Learning\system\CodeIgniter.php(824): App\Controllers\Learning->register()
#4 E:\xampp\htdocs\E-Learning\system\CodeIgniter.php(410): CodeIgniter\CodeIgniter->runController(Object(App\Controllers\Learning))
#5 E:\xampp\htdocs\E-Learning\system\CodeIgniter.php(318): CodeIgniter\CodeIgniter->handleRequest(NULL, Object(Config\Cache), false)
#6 E:\xampp\htdocs\E-Learning\public\index.php(37): CodeIgniter\CodeIgniter->run()
#7 E:\xampp\htdocs\E-Learning\system\Commands\Server\rewrite.php(43): require_once('E:\\xampp\\htdocs...')
#8 {main}
CRITICAL - 2022-01-06 23:47:32 --> Invalid file: /register.php
#0 E:\xampp\htdocs\E-Learning\system\View\View.php(198): CodeIgniter\Exceptions\FrameworkException::forInvalidFile('/register.php')
#1 E:\xampp\htdocs\E-Learning\system\Common.php(1097): CodeIgniter\View\View->render('/register', Array, true)
#2 E:\xampp\htdocs\E-Learning\app\Controllers\Learning.php(23): view('/register')
#3 E:\xampp\htdocs\E-Learning\system\CodeIgniter.php(824): App\Controllers\Learning->register()
#4 E:\xampp\htdocs\E-Learning\system\CodeIgniter.php(410): CodeIgniter\CodeIgniter->runController(Object(App\Controllers\Learning))
#5 E:\xampp\htdocs\E-Learning\system\CodeIgniter.php(318): CodeIgniter\CodeIgniter->handleRequest(NULL, Object(Config\Cache), false)
#6 E:\xampp\htdocs\E-Learning\public\index.php(37): CodeIgniter\CodeIgniter->run()
#7 E:\xampp\htdocs\E-Learning\system\Commands\Server\rewrite.php(43): require_once('E:\\xampp\\htdocs...')
#8 {main}
CRITICAL - 2022-01-06 23:47:51 --> Undefined variable: user
#0 E:\xampp\htdocs\E-Learning\app\Views\E-Learning\register.php(96): CodeIgniter\Debug\Exceptions->errorHandler(8, 'Undefined varia...', 'E:\\xampp\\htdocs...', 96, Array)
#1 E:\xampp\htdocs\E-Learning\system\View\View.php(214): include('E:\\xampp\\htdocs...')
#2 E:\xampp\htdocs\E-Learning\system\View\View.php(217): CodeIgniter\View\View->CodeIgniter\View\{closure}()
#3 E:\xampp\htdocs\E-Learning\system\Common.php(1097): CodeIgniter\View\View->render('/E-Learning/reg...', Array, true)
#4 E:\xampp\htdocs\E-Learning\app\Controllers\Learning.php(23): view('/E-Learning/reg...')
#5 E:\xampp\htdocs\E-Learning\system\CodeIgniter.php(824): App\Controllers\Learning->register()
#6 E:\xampp\htdocs\E-Learning\system\CodeIgniter.php(410): CodeIgniter\CodeIgniter->runController(Object(App\Controllers\Learning))
#7 E:\xampp\htdocs\E-Learning\system\CodeIgniter.php(318): CodeIgniter\CodeIgniter->handleRequest(NULL, Object(Config\Cache), false)
#8 E:\xampp\htdocs\E-Learning\public\index.php(37): CodeIgniter\CodeIgniter->run()
#9 E:\xampp\htdocs\E-Learning\system\Commands\Server\rewrite.php(43): require_once('E:\\xampp\\htdocs...')
#10 {main}
CRITICAL - 2022-01-06 23:50:55 --> Undefined variable: title
#0 E:\xampp\htdocs\E-Learning\app\Views\E-Learning\register.php(12): CodeIgniter\Debug\Exceptions->errorHandler(8, 'Undefined varia...', 'E:\\xampp\\htdocs...', 12, Array)
#1 E:\xampp\htdocs\E-Learning\system\View\View.php(214): include('E:\\xampp\\htdocs...')
#2 E:\xampp\htdocs\E-Learning\system\View\View.php(217): CodeIgniter\View\View->CodeIgniter\View\{closure}()
#3 E:\xampp\htdocs\E-Learning\system\Common.php(1097): CodeIgniter\View\View->render('/E-Learning/reg...', Array, true)
#4 E:\xampp\htdocs\E-Learning\app\Controllers\Learning.php(23): view('/E-Learning/reg...')
#5 E:\xampp\htdocs\E-Learning\system\CodeIgniter.php(824): App\Controllers\Learning->register()
#6 E:\xampp\htdocs\E-Learning\system\CodeIgniter.php(410): CodeIgniter\CodeIgniter->runController(Object(App\Controllers\Learning))
#7 E:\xampp\htdocs\E-Learning\system\CodeIgniter.php(318): CodeIgniter\CodeIgniter->handleRequest(NULL, Object(Config\Cache), false)
#8 E:\xampp\htdocs\E-Learning\public\index.php(37): CodeIgniter\CodeIgniter->run()
#9 E:\xampp\htdocs\E-Learning\system\Commands\Server\rewrite.php(43): require_once('E:\\xampp\\htdocs...')
#10 {main}
